<?xml version="1.0" encoding="UTF-8"?>
<!-- Generated by org.testng.reporters.JUnitXMLReporter -->
<testsuite ignored="1" hostname="SKL-ANGEL-SHALI" failures="0" tests="2" name="GRP-regression" time="0.038" errors="0" timestamp="2023-04-10T15:50:13 CEST">
  <testcase classname="ui.GroupDemoTest" name="test3" time="0.008"/>
  <testcase classname="ui.GroupDemoTest" name="test1" time="0.0"/>
  <testcase classname="ui.GroupDemoTest" name="test2" time="0.0">
    <ignored/>
  </testcase> <!-- test2 -->
</testsuite> <!-- GRP-regression -->
