<?xml version="1.0" encoding="UTF-8"?>
<!-- Generated by org.testng.reporters.JUnitXMLReporter -->
<testsuite ignored="0" hostname="SKL-ANGEL-SHALI" failures="0" tests="3" name="GRP-bvt,regression" time="0.036" errors="0" timestamp="2023-04-10T15:50:25 CEST">
  <testcase classname="ui.GroupDemoTest" name="test3" time="0.009"/>
  <testcase classname="ui.GroupDemoTest" name="test1" time="0.001"/>
  <testcase classname="ui.GroupDemoTest" name="test2" time="0.001"/>
</testsuite> <!-- GRP-bvt,regression -->
