<?xml version="1.0" encoding="UTF-8"?>
<!-- Generated by org.testng.reporters.JUnitXMLReporter -->
<testsuite ignored="0" hostname="SKL-ANGEL-SHALI" failures="0" tests="4" name="GRP-user-registration,regression" time="0.041" errors="0" timestamp="2023-04-11T10:20:03 CEST">
  <testcase classname="ui.GroupDemoTest" name="beforeClass" time="0.007"/>
  <testcase classname="ui.GroupDemoTest" name="test3" time="0.0"/>
  <testcase classname="ui.GroupDemoTest" name="test1" time="0.001"/>
  <testcase classname="ui.GroupDemoTest" name="test2" time="0.001"/>
</testsuite> <!-- GRP-user-registration,regression -->
