<?xml version="1.0" encoding="UTF-8"?>
<!-- Generated by org.testng.reporters.JUnitXMLReporter -->
<testsuite ignored="0" hostname="SKL-ANGEL-SHALI" failures="0" tests="5" name="Regression" time="0.043" errors="0" timestamp="2023-04-10T23:16:27 CEST">
  <testcase classname="ui.LoginTest" name="logoutTest" time="0.009"/>
  <testcase classname="ui.LoginTest" name="loginTest" time="0.001"/>
  <testcase classname="ui.GroupDemoTest" name="test3" time="0.001"/>
  <testcase classname="ui.GroupDemoTest" name="test1" time="0.001"/>
  <testcase classname="ui.GroupDemoTest" name="test2" time="0.0"/>
</testsuite> <!-- Regression -->
