<?xml version="1.0" encoding="UTF-8"?>
<testng-results ignored="4" total="6" passed="2" failed="0" skipped="0">
  <reporter-output>
  </reporter-output>
  <suite started-at="2023-04-18T09:56:58 CEST" name="Master Suite" finished-at="2023-04-18T09:56:58 CEST" duration-ms="53">
    <groups>
      <group name="user-registration">
        <method signature="GroupDemoTest.test1()[pri:1, instance:ui.GroupDemoTest@5aebe890]" name="test1" class="ui.GroupDemoTest"/>
        <method signature="GroupDemoTest.test3()[pri:0, instance:ui.GroupDemoTest@5aebe890]" name="test3" class="ui.GroupDemoTest"/>
      </group> <!-- user-registration -->
      <group name="regression">
        <method signature="GroupDemoTest.test1()[pri:1, instance:ui.GroupDemoTest@5aebe890]" name="test1" class="ui.GroupDemoTest"/>
        <method signature="GroupDemoTest.test3()[pri:0, instance:ui.GroupDemoTest@5aebe890]" name="test3" class="ui.GroupDemoTest"/>
      </group> <!-- regression -->
    </groups>
    <test started-at="2023-04-18T09:56:58 CEST" name="Regression" finished-at="2023-04-18T09:56:58 CEST" duration-ms="53">
      <class name="ui.GroupDemoTest">
        <test-method is-config="true" signature="beforeGroup()[pri:0, instance:ui.GroupDemoTest@5aebe890]" started-at="2023-04-18T09:56:58 CEST" name="beforeGroup" finished-at="2023-04-18T09:56:58 CEST" duration-ms="4" status="PASS">
          <reporter-output>
          </reporter-output>
        </test-method> <!-- beforeGroup -->
        <test-method signature="test3()[pri:0, instance:ui.GroupDemoTest@5aebe890]" started-at="2023-04-18T09:56:58 CEST" name="test3" finished-at="2023-04-18T09:56:58 CEST" duration-ms="10" status="PASS">
          <reporter-output>
          </reporter-output>
        </test-method> <!-- test3 -->
        <test-method signature="test1()[pri:1, instance:ui.GroupDemoTest@5aebe890]" started-at="2023-04-18T09:56:58 CEST" name="test1" description="This is logout test!" finished-at="2023-04-18T09:56:58 CEST" duration-ms="1" status="PASS">
          <reporter-output>
          </reporter-output>
        </test-method> <!-- test1 -->
        <test-method is-config="true" signature="afterGroup()[pri:0, instance:ui.GroupDemoTest@5aebe890]" started-at="2023-04-18T09:56:58 CEST" name="afterGroup" finished-at="2023-04-18T09:56:58 CEST" duration-ms="0" status="PASS">
          <reporter-output>
          </reporter-output>
        </test-method> <!-- afterGroup -->
      </class> <!-- ui.GroupDemoTest -->
    </test> <!-- Regression -->
  </suite> <!-- Master Suite -->
</testng-results>
