<?xml version="1.0" encoding="UTF-8"?>
<!-- Generated by org.testng.reporters.JUnitXMLReporter -->
<testsuite ignored="4" hostname="SKL-ANGEL-SHALI" failures="0" tests="2" name="Regression" time="0.053" errors="0" timestamp="2023-04-18T09:56:58 CEST">
  <testcase classname="ui.GroupDemoTest" name="test3" time="0.01"/>
  <testcase classname="ui.GroupDemoTest" name="test1" time="0.001"/>
  <testcase classname="ui.LoginTest" name="logoutTest" time="0.0">
    <ignored/>
  </testcase> <!-- logoutTest -->
  <testcase classname="ui.GroupDemoTest" name="test2" time="0.0">
    <ignored/>
  </testcase> <!-- test2 -->
  <testcase classname="ui.LoginTest" name="loginTest" time="0.0">
    <ignored/>
  </testcase> <!-- loginTest -->
  <testcase classname="ui.GroupDemoTest" name="beforeClass" time="0.0">
    <ignored/>
  </testcase> <!-- beforeClass -->
</testsuite> <!-- Regression -->
